<?xml version="1.0" encoding="UTF-8"?>
<!-- Generated by org.testng.reporters.JUnitReportReporter -->
<testsuite hostname="Siddharth" failures="0" tests="1" name="test.TestNGDemo2" time="6.000" errors="0" timestamp="2023-03-06T02:24:44 IST" skipped="0">
  <testcase classname="test.TestNGDemo2" name="googleSearch3" time="6.000"/>
  <system-out/>
</testsuite> <!-- test.TestNGDemo2 -->
